<?xml version="1.0" encoding="UTF-8"?>
<!-- Generated by org.testng.reporters.JUnitXMLReporter -->
<testsuite hostname="RIYA" ignored="0" name="Default test" tests="5" failures="0" timestamp="2021-12-20T22:14:45 IST" time="101.547" errors="0">
  <testcase name="Register" time="12.615" classname="Task.Class.MercuryTours"/>
  <testcase name="Register" time="11.591" classname="Task.Class.MercuryTours"/>
  <testcase name="Register" time="11.85" classname="Task.Class.MercuryTours"/>
  <testcase name="Register" time="13.047" classname="Task.Class.MercuryTours"/>
  <testcase name="Register" time="11.057" classname="Task.Class.MercuryTours"/>
</testsuite> <!-- Default test -->
